2023-08-06 00:51:50.281630 - Initialized conversion of CBT099
2023-08-06 00:51:50.383028 - Received SBGOLOB.CBT506.FILE099 from FILE099.XMI 
2023-08-06 00:51:50.385197 - Found $$$#DATE.txt (text/plain) in SBGOLOB.CBT506.FILE099, moved to FILE099/$$$#DATE
2023-08-06 00:51:50.386152 - Found @FILE099.txt (text/plain) in SBGOLOB.CBT506.FILE099, moved to FILE099/@FILE099
2023-08-06 00:51:50.387257 - Found ADDCOMMA.rexx (text/plain) in SBGOLOB.CBT506.FILE099, moved to FILE099/ADDCOMMA
2023-08-06 00:51:50.388205 - Found DISPDD.rexx (text/plain) in SBGOLOB.CBT506.FILE099, moved to FILE099/DISPDD
2023-08-06 00:51:50.389142 - Found DOALLEM.rexx (text/plain) in SBGOLOB.CBT506.FILE099, moved to FILE099/DOALLEM
2023-08-06 00:51:50.390065 - Found EHEX.rexx (text/plain) in SBGOLOB.CBT506.FILE099, moved to FILE099/EHEX
2023-08-06 00:51:50.390927 - Found EXIST.rexx (text/plain) in SBGOLOB.CBT506.FILE099, moved to FILE099/EXIST
2023-08-06 00:51:50.391903 - Found GETIPLDT.rexx (text/plain) in SBGOLOB.CBT506.FILE099, moved to FILE099/GETIPLDT
2023-08-06 00:51:50.392804 - Found GREPZOS.txt (text/plain) in SBGOLOB.CBT506.FILE099, moved to FILE099/GREPZOS
2023-08-06 00:51:50.393820 - Found HEAPSORT.rexx (text/plain) in SBGOLOB.CBT506.FILE099, moved to FILE099/HEAPSORT
2023-08-06 00:51:50.394848 - Found LABDEL.rexx (text/plain) in SBGOLOB.CBT506.FILE099, moved to FILE099/LABDEL
2023-08-06 00:51:50.395768 - Found SLEEP.rexx (text/plain) in SBGOLOB.CBT506.FILE099, moved to FILE099/SLEEP
2023-08-06 00:51:50.396751 - Found SORTBPX.rexx (text/plain) in SBGOLOB.CBT506.FILE099, moved to FILE099/SORTBPX
2023-08-06 00:51:50.397707 - Found SRCHANYC.txt (text/plain) in SBGOLOB.CBT506.FILE099, moved to FILE099/SRCHANYC
2023-08-06 00:51:50.398651 - Found STEMSORT.rexx (text/plain) in SBGOLOB.CBT506.FILE099, moved to FILE099/STEMSORT
2023-08-06 00:51:50.399537 - Found SWAPEQ.rexx (text/plain) in SBGOLOB.CBT506.FILE099, moved to FILE099/SWAPEQ
2023-08-06 00:51:50.400427 - Found TESTUID0.txt (text/plain) in SBGOLOB.CBT506.FILE099, moved to FILE099/TESTUID0
2023-08-06 00:51:50.401343 - Found TSO8.rexx (text/plain) in SBGOLOB.CBT506.FILE099, moved to FILE099/TSO8
